<?xml version="1.0" encoding="UTF-8"?>
<!-- Generated by org.testng.reporters.JUnitReportReporter -->
<testsuite skipped="0" hostname="nadsoft34" name="LandingPages.Vbright" tests="1" failures="0" timestamp="25 Oct 2018 14:43:44 GMT" time="23.380" errors="0">
  <testcase name="actions" time="23.380" classname="LandingPages.Vbright"/>
</testsuite> <!-- LandingPages.Vbright -->
