<?xml version="1.0" encoding="UTF-8"?>
<!-- Generated by org.testng.reporters.JUnitReportReporter -->
<testsuite skipped="0" hostname="nadsoft34" name="LandingPages.Beauty_buisines" tests="1" failures="0" timestamp="02 Nov 2018 12:05:36 GMT" time="26.837" errors="0">
  <testcase name="actions" time="26.837" classname="LandingPages.Beauty_buisines"/>
</testsuite> <!-- LandingPages.Beauty_buisines -->
